<?xml version="1.0" encoding="UTF-8" ?>
<testsuite tests="7" failures="0" name="com.iut.metz.bankee.back.metier.objet.TestCompteSansDecouvert" time="0" errors="0" skipped="0">
  <properties>
    <property name="java.runtime.name" value="OpenJDK Runtime Environment"/>
    <property name="java.vm.version" value="11.0.1+13"/>
    <property name="sun.boot.library.path" value="D:\Programs\jdk\jdk11\bin"/>
    <property name="maven.multiModuleProjectDirectory" value="C:\Users\ligony\Documents\cours LP\Test\BankeeBack"/>
    <property name="java.vm.vendor" value="Oracle Corporation"/>
    <property name="java.vendor.url" value="http://java.oracle.com/"/>
    <property name="guice.disable.misplaced.annotation.check" value="true"/>
    <property name="path.separator" value=";"/>
    <property name="java.vm.name" value="OpenJDK 64-Bit Server VM"/>
    <property name="sun.os.patch.level" value=""/>
    <property name="user.script" value=""/>
    <property name="user.country" value="FR"/>
    <property name="sun.java.launcher" value="SUN_STANDARD"/>
    <property name="java.vm.specification.name" value="Java Virtual Machine Specification"/>
    <property name="user.dir" value="C:\Users\ligony\Documents\cours LP\Test\BankeeBack"/>
    <property name="java.vm.compressedOopsMode" value="Zero based"/>
    <property name="java.runtime.version" value="11.0.1+13"/>
    <property name="java.awt.graphicsenv" value="sun.awt.Win32GraphicsEnvironment"/>
    <property name="os.arch" value="amd64"/>
    <property name="java.io.tmpdir" value="C:\Users\ligony\AppData\Local\Temp\"/>
    <property name="line.separator" value="
"/>
    <property name="java.vm.specification.vendor" value="Oracle Corporation"/>
    <property name="user.variant" value=""/>
    <property name="os.name" value="Windows 10"/>
    <property name="classworlds.conf" value="D:\Programs\maven\maven-3.6.0\bin\..\bin\m2.conf"/>
    <property name="sun.jnu.encoding" value="Cp1252"/>
    <property name="java.library.path" value="D:\Programs\jdk\jdk11\bin;C:\WINDOWS\Sun\Java\bin;C:\WINDOWS\system32;C:\WINDOWS;C:\Users\ligony\Documents\logiciel\Source\cmder\bin;C:\Users\ligony\Documents\logiciel\Source\cmder\vendor\conemu-maximus5\ConEmu\Scripts;C:\Users\ligony\Documents\logiciel\Source\cmder\vendor\conemu-maximus5;C:\Users\ligony\Documents\logiciel\Source\cmder\vendor\conemu-maximus5\ConEmu;C:\ProgramData\DockerDesktop\version-bin;C:\Program Files\Docker\Docker\Resources\bin;D:\Programs\oracle\product\12.1.0.2\client\bin;C:\Program Files (x86)\Intel\iCLS Client\;C:\Program Files\Intel\iCLS Client\;C:\windows\system32;C:\windows;C:\windows\System32\Wbem;C:\windows\System32\WindowsPowerShell\v1.0\;C:\Program Files (x86)\NVIDIA Corporation\PhysX\Common;C:\Program Files (x86)\Intel\Intel(R) Management Engine Components\DAL;C:\Program Files\Intel\Intel(R) Management Engine Components\DAL;C:\Program Files (x86)\Intel\Intel(R) Management Engine Components\IPT;C:\Program Files\Intel\Intel(R) Management Engine Components\IPT;C:\Program Files\Intel\WiFi\bin\;C:\Program Files\Common Files\Intel\WirelessCommon\;D:\Programs\Git\cmd;C:\WINDOWS\system32;C:\WINDOWS;C:\WINDOWS\System32\Wbem;C:\WINDOWS\System32\WindowsPowerShell\v1.0\;C:\WINDOWS\System32\OpenSSH\;D:\Programs\jdk\jdk11\bin;D:\Programs\maven\maven-3.6.0\bin;D:\Programs\ant\bin;%GRADLE_HOME\bin;D:\Programs\go\bin;D:\Programs\Git\cmd;D:\Programs\gcc\bin;D:\Programs\gcc\bin;C:\Users\ligony\AppData\Local\Microsoft\WindowsApps;D:\Programs\Git\mingw64;D:\Programs\Git\usr\bin;C:\Users\ligony\Documents\logiciel\Source\cmder;."/>
    <property name="maven.conf" value="D:\Programs\maven\maven-3.6.0\bin\../conf"/>
    <property name="jdk.debug" value="release"/>
    <property name="java.class.version" value="55.0"/>
    <property name="java.specification.name" value="Java Platform API Specification"/>
    <property name="sun.management.compiler" value="HotSpot 64-Bit Tiered Compilers"/>
    <property name="os.version" value="10.0"/>
    <property name="library.jansi.path" value="D:\Programs\maven\maven-3.6.0\bin\..\lib\jansi-native"/>
    <property name="user.home" value="C:\Users\ligony"/>
    <property name="user.timezone" value="Europe/Paris"/>
    <property name="java.awt.printerjob" value="sun.awt.windows.WPrinterJob"/>
    <property name="file.encoding" value="Cp1252"/>
    <property name="java.specification.version" value="11"/>
    <property name="user.name" value="ligony"/>
    <property name="java.class.path" value="D:\Programs\maven\maven-3.6.0\bin\..\boot\plexus-classworlds-2.5.2.jar"/>
    <property name="java.vm.specification.version" value="11"/>
    <property name="sun.arch.data.model" value="64"/>
    <property name="sun.java.command" value="org.codehaus.plexus.classworlds.launcher.Launcher clean install"/>
    <property name="java.home" value="D:\Programs\jdk\jdk11"/>
    <property name="user.language" value="fr"/>
    <property name="java.specification.vendor" value="Oracle Corporation"/>
    <property name="awt.toolkit" value="sun.awt.windows.WToolkit"/>
    <property name="java.vm.info" value="mixed mode"/>
    <property name="java.version" value="11.0.1"/>
    <property name="java.vendor" value="Oracle Corporation"/>
    <property name="sun.stderr.encoding" value="cp850"/>
    <property name="maven.home" value="D:\Programs\maven\maven-3.6.0\bin\.."/>
    <property name="file.separator" value="\"/>
    <property name="java.version.date" value="2018-10-16"/>
    <property name="java.vendor.url.bug" value="http://bugreport.java.com/bugreport/"/>
    <property name="sun.io.unicode.encoding" value="UnicodeLittle"/>
    <property name="sun.cpu.endian" value="little"/>
    <property name="java.vendor.version" value="18.9"/>
    <property name="sun.stdout.encoding" value="cp850"/>
    <property name="sun.desktop" value="windows"/>
    <property name="sun.cpu.isalist" value="amd64"/>
  </properties>
  <testcase classname="com.iut.metz.bankee.back.metier.objet.TestCompteSansDecouvert" name="testCompteDebiter_casDoubleEnDollard" time="0"/>
  <testcase classname="com.iut.metz.bankee.back.metier.objet.TestCompteSansDecouvert" name="testCompteDebiter_casMontantNull" time="0"/>
  <testcase classname="com.iut.metz.bankee.back.metier.objet.TestCompteSansDecouvert" name="testCompteDebiter_casEntierEnDollard" time="0"/>
  <testcase classname="com.iut.metz.bankee.back.metier.objet.TestCompteSansDecouvert" name="testCompteDebiter_casMontantSuperieurSolde" time="0"/>
  <testcase classname="com.iut.metz.bankee.back.metier.objet.TestCompteSansDecouvert" name="testCompteDebiter_casDouble" time="0"/>
  <testcase classname="com.iut.metz.bankee.back.metier.objet.TestCompteSansDecouvert" name="testCompteDebiter_casEntier" time="0"/>
  <testcase classname="com.iut.metz.bankee.back.metier.objet.TestCompteSansDecouvert" name="testCompteDebiter_casMontantNegatif" time="0"/>
</testsuite>